<?xml version="1.0" encoding="UTF-8"?>
<testng-results ignored="0" total="3" passed="3" failed="0" skipped="0">
  <reporter-output>
  </reporter-output>
  <suite started-at="2024-06-06T21:48:10Z" name="Default suite" finished-at="2024-06-06T21:49:02Z" duration-ms="52648">
    <groups>
      <group name="cucumber">
        <method signature="AbstractTestNGCucumberTests.runScenario(cucumber.api.testng.PickleEventWrapper, cucumber.api.testng.CucumberFeatureWrapper)[pri:0, instance:com.lao.runner.TestRunner@ca30bc1]" name="runScenario" class="cucumber.api.testng.AbstractTestNGCucumberTests"/>
      </group> <!-- cucumber -->
    </groups>
    <test started-at="2024-06-06T21:48:10Z" name="Default test" finished-at="2024-06-06T21:49:02Z" duration-ms="52648">
      <class name="com.lao.runner.TestRunner">
        <test-method is-config="true" signature="setUpClass()[pri:0, instance:com.lao.runner.TestRunner@ca30bc1]" started-at="2024-06-06T21:48:10Z" name="setUpClass" finished-at="2024-06-06T21:48:10Z" duration-ms="385" status="PASS">
          <reporter-output>
          </reporter-output>
        </test-method> <!-- setUpClass -->
        <test-method signature="runScenario(cucumber.api.testng.PickleEventWrapper, cucumber.api.testng.CucumberFeatureWrapper)[pri:0, instance:com.lao.runner.TestRunner@ca30bc1]" started-at="2024-06-06T21:48:10Z" name="runScenario" description="Runs Cucumber Scenarios" data-provider="scenarios" finished-at="2024-06-06T21:48:34Z" duration-ms="23786" status="PASS">
          <params>
            <param index="0">
              <value>
                <![CDATA["Valid Login Drop Down"]]>
              </value>
            </param>
            <param index="1">
              <value>
                <![CDATA["Swag Labs Valid Login Drop Down"]]>
              </value>
            </param>
          </params>
          <reporter-output>
          </reporter-output>
        </test-method> <!-- runScenario -->
        <test-method signature="runScenario(cucumber.api.testng.PickleEventWrapper, cucumber.api.testng.CucumberFeatureWrapper)[pri:0, instance:com.lao.runner.TestRunner@ca30bc1]" started-at="2024-06-06T21:48:34Z" name="runScenario" description="Runs Cucumber Scenarios" data-provider="scenarios" finished-at="2024-06-06T21:48:46Z" duration-ms="12466" status="PASS">
          <params>
            <param index="0">
              <value>
                <![CDATA["Not Valid Login"]]>
              </value>
            </param>
            <param index="1">
              <value>
                <![CDATA["Swag Labs not Valid Login"]]>
              </value>
            </param>
          </params>
          <reporter-output>
          </reporter-output>
        </test-method> <!-- runScenario -->
        <test-method signature="runScenario(cucumber.api.testng.PickleEventWrapper, cucumber.api.testng.CucumberFeatureWrapper)[pri:0, instance:com.lao.runner.TestRunner@ca30bc1]" started-at="2024-06-06T21:48:46Z" name="runScenario" description="Runs Cucumber Scenarios" data-provider="scenarios" finished-at="2024-06-06T21:49:02Z" duration-ms="15580" status="PASS">
          <params>
            <param index="0">
              <value>
                <![CDATA["Valid Login"]]>
              </value>
            </param>
            <param index="1">
              <value>
                <![CDATA["Swag Labs Valid Login"]]>
              </value>
            </param>
          </params>
          <reporter-output>
          </reporter-output>
        </test-method> <!-- runScenario -->
        <test-method is-config="true" signature="tearDownClass()[pri:0, instance:com.lao.runner.TestRunner@ca30bc1]" started-at="2024-06-06T21:49:02Z" name="tearDownClass" finished-at="2024-06-06T21:49:02Z" duration-ms="389" status="PASS">
          <reporter-output>
          </reporter-output>
        </test-method> <!-- tearDownClass -->
      </class> <!-- com.lao.runner.TestRunner -->
    </test> <!-- Default test -->
  </suite> <!-- Default suite -->
</testng-results>
